
state 0
	$accept: .program $end 
	beforeProgram: .    (2)

	.  reduce 2 (src line 90)

	program  goto 1
	beforeProgram  goto 2

state 1
	$accept:  program.$end 

	$end  accept
	.  error


state 2
	program:  beforeProgram.body 

	IDENTIFIER  shift 9
	CLICK  shift 10
	INPUT  shift 11
	PRINT  shift 12
	SLOW  shift 13
	RETURN  shift 7
	FOR  shift 14
	SELECT  shift 15
	.  error

	statement  goto 6
	body  goto 3
	statements  goto 4
	returnStatements  goto 5
	loopStatement  goto 8

state 3
	program:  beforeProgram body.    (1)

	.  reduce 1 (src line 86)


state 4
	body:  statements.returnStatements 
	statements:  statements.statement 

	IDENTIFIER  shift 9
	CLICK  shift 10
	INPUT  shift 11
	PRINT  shift 12
	SLOW  shift 13
	RETURN  shift 7
	FOR  shift 14
	SELECT  shift 15
	.  error

	statement  goto 17
	returnStatements  goto 16
	loopStatement  goto 8

state 5
	body:  returnStatements.    (4)

	.  reduce 4 (src line 96)


state 6
	statements:  statement.    (5)

	.  reduce 5 (src line 99)


state 7
	returnStatements:  RETURN.returnList0 SEMICOLON 
	returnStatements:  RETURN.DISTINCT returnList SEMICOLON 
	returnList0: .    (24)

	BOOL  shift 27
	NUMBER  shift 26
	STRING  shift 25
	IDENTIFIER  shift 30
	LPAREN  shift 24
	LBRACKET  shift 32
	LBRACE  shift 33
	DISTINCT  shift 19
	AT  shift 31
	.  reduce 24 (src line 138)

	litteral  goto 22
	litteralArray  goto 28
	atomExpression  goto 21
	variable  goto 23
	litteralObject  goto 29
	returnList0  goto 18
	returnList  goto 20

state 8
	returnStatements:  loopStatement.body 

	IDENTIFIER  shift 9
	CLICK  shift 10
	INPUT  shift 11
	PRINT  shift 12
	SLOW  shift 13
	RETURN  shift 7
	FOR  shift 14
	SELECT  shift 15
	.  error

	statement  goto 6
	body  goto 34
	statements  goto 4
	returnStatements  goto 5
	loopStatement  goto 8

state 9
	statement:  IDENTIFIER.ASSIGN expression SEMICOLON 

	ASSIGN  shift 35
	.  error


state 10
	statement:  CLICK.atomExpression clickOptions0 SEMICOLON 

	BOOL  shift 27
	NUMBER  shift 26
	STRING  shift 25
	IDENTIFIER  shift 30
	LPAREN  shift 24
	LBRACKET  shift 32
	LBRACE  shift 33
	AT  shift 31
	.  error

	litteral  goto 22
	litteralArray  goto 28
	atomExpression  goto 36
	variable  goto 23
	litteralObject  goto 29

state 11
	statement:  INPUT.atomExpression IN atomExpression SEMICOLON 

	BOOL  shift 27
	NUMBER  shift 26
	STRING  shift 25
	IDENTIFIER  shift 30
	LPAREN  shift 24
	LBRACKET  shift 32
	LBRACE  shift 33
	AT  shift 31
	.  error

	litteral  goto 22
	litteralArray  goto 28
	atomExpression  goto 37
	variable  goto 23
	litteralObject  goto 29

state 12
	statement:  PRINT.expressionList SEMICOLON 
	statement:  PRINT.RAW expressionList SEMICOLON 

	BOOL  shift 27
	NUMBER  shift 26
	STRING  shift 25
	IDENTIFIER  shift 30
	RAW  shift 39
	LPAREN  shift 24
	LBRACKET  shift 32
	LBRACE  shift 33
	LEN  shift 50
	PLUS  shift 45
	MINUS  shift 46
	PLUSPLUS  shift 47
	MINUSMINUS  shift 48
	ABS  shift 49
	NOT  shift 51
	AT  shift 31
	.  error

	litteral  goto 22
	litteralArray  goto 28
	atomExpression  goto 52
	expression  goto 40
	expression1  goto 41
	expression2  goto 42
	expression3  goto 44
	variable  goto 23
	expressionList  goto 38
	litteralObject  goto 29
	ope1  goto 43
	accessExpression  goto 53

state 13
	statement:  SLOW.SEMICOLON 

	SEMICOLON  shift 54
	.  error


state 14
	loopStatement:  FOR.loopVariable IN expression SEMICOLON 
	loopStatement:  FOR.loopVariable ASSIGN expression TO expression SEMICOLON 
	loopStatement:  FOR.loopVariable ASSIGN expression TO expression STEP expression SEMICOLON 

	IDENTIFIER  shift 56
	.  error

	loopVariable  goto 55

state 15
	loopStatement:  SELECT.expression AS loopVariable FROM expression selectOptions0 SEMICOLON 

	BOOL  shift 27
	NUMBER  shift 26
	STRING  shift 25
	IDENTIFIER  shift 30
	LPAREN  shift 24
	LBRACKET  shift 32
	LBRACE  shift 33
	LEN  shift 50
	PLUS  shift 45
	MINUS  shift 46
	PLUSPLUS  shift 47
	MINUSMINUS  shift 48
	ABS  shift 49
	NOT  shift 51
	AT  shift 31
	.  error

	litteral  goto 22
	litteralArray  goto 28
	atomExpression  goto 52
	expression  goto 57
	expression1  goto 41
	expression2  goto 42
	expression3  goto 44
	variable  goto 23
	litteralObject  goto 29
	ope1  goto 43
	accessExpression  goto 53

state 16
	body:  statements returnStatements.    (3)

	.  reduce 3 (src line 94)


state 17
	statements:  statements statement.    (6)

	.  reduce 6 (src line 101)


state 18
	returnStatements:  RETURN returnList0.SEMICOLON 

	SEMICOLON  shift 58
	.  error


state 19
	returnStatements:  RETURN DISTINCT.returnList SEMICOLON 

	BOOL  shift 27
	NUMBER  shift 26
	STRING  shift 25
	IDENTIFIER  shift 30
	LPAREN  shift 24
	LBRACKET  shift 32
	LBRACE  shift 33
	AT  shift 31
	.  error

	litteral  goto 22
	litteralArray  goto 28
	atomExpression  goto 21
	variable  goto 23
	litteralObject  goto 29
	returnList  goto 59

state 20
	returnList0:  returnList.    (25)
	returnList:  returnList.COMMA atomExpression 

	COMMA  shift 60
	.  reduce 25 (src line 140)


state 21
	returnList:  atomExpression.    (26)

	.  reduce 26 (src line 143)


state 22
	atomExpression:  litteral.    (49)

	.  reduce 49 (src line 205)


state 23
	atomExpression:  variable.    (50)

	.  reduce 50 (src line 207)


state 24
	atomExpression:  LPAREN.expression RPAREN 

	BOOL  shift 27
	NUMBER  shift 26
	STRING  shift 25
	IDENTIFIER  shift 30
	LPAREN  shift 24
	LBRACKET  shift 32
	LBRACE  shift 33
	LEN  shift 50
	PLUS  shift 45
	MINUS  shift 46
	PLUSPLUS  shift 47
	MINUSMINUS  shift 48
	ABS  shift 49
	NOT  shift 51
	AT  shift 31
	.  error

	litteral  goto 22
	litteralArray  goto 28
	atomExpression  goto 52
	expression  goto 61
	expression1  goto 41
	expression2  goto 42
	expression3  goto 44
	variable  goto 23
	litteralObject  goto 29
	ope1  goto 43
	accessExpression  goto 53

state 25
	litteral:  STRING.    (52)

	.  reduce 52 (src line 211)


state 26
	litteral:  NUMBER.    (53)

	.  reduce 53 (src line 213)


state 27
	litteral:  BOOL.    (54)

	.  reduce 54 (src line 214)


state 28
	litteral:  litteralArray.    (55)

	.  reduce 55 (src line 215)


state 29
	litteral:  litteralObject.    (56)

	.  reduce 56 (src line 216)


state 30
	variable:  IDENTIFIER.    (39)

	.  reduce 39 (src line 173)


state 31
	variable:  AT.IDENTIFIER 

	IDENTIFIER  shift 62
	.  error


state 32
	litteralArray:  LBRACKET.expressionList RBRACKET 
	litteralArray:  LBRACKET.RBRACKET 

	BOOL  shift 27
	NUMBER  shift 26
	STRING  shift 25
	IDENTIFIER  shift 30
	LPAREN  shift 24
	LBRACKET  shift 32
	RBRACKET  shift 64
	LBRACE  shift 33
	LEN  shift 50
	PLUS  shift 45
	MINUS  shift 46
	PLUSPLUS  shift 47
	MINUSMINUS  shift 48
	ABS  shift 49
	NOT  shift 51
	AT  shift 31
	.  error

	litteral  goto 22
	litteralArray  goto 28
	atomExpression  goto 52
	expression  goto 40
	expression1  goto 41
	expression2  goto 42
	expression3  goto 44
	variable  goto 23
	expressionList  goto 63
	litteralObject  goto 29
	ope1  goto 43
	accessExpression  goto 53

state 33
	litteralObject:  LBRACE.RBRACE 
	litteralObject:  LBRACE.keyValueSet RBRACE 

	IDENTIFIER  shift 69
	RBRACE  shift 65
	.  error

	keyValue  goto 67
	key  goto 68
	keyValueSet  goto 66

state 34
	returnStatements:  loopStatement body.    (23)

	.  reduce 23 (src line 135)


state 35
	statement:  IDENTIFIER ASSIGN.expression SEMICOLON 

	BOOL  shift 27
	NUMBER  shift 26
	STRING  shift 25
	IDENTIFIER  shift 30
	LPAREN  shift 24
	LBRACKET  shift 32
	LBRACE  shift 33
	LEN  shift 50
	PLUS  shift 45
	MINUS  shift 46
	PLUSPLUS  shift 47
	MINUSMINUS  shift 48
	ABS  shift 49
	NOT  shift 51
	AT  shift 31
	.  error

	litteral  goto 22
	litteralArray  goto 28
	atomExpression  goto 52
	expression  goto 70
	expression1  goto 41
	expression2  goto 42
	expression3  goto 44
	variable  goto 23
	litteralObject  goto 29
	ope1  goto 43
	accessExpression  goto 53

state 36
	statement:  CLICK atomExpression.clickOptions0 SEMICOLON 
	clickOptions0: .    (13)

	BOOL  shift 27
	NUMBER  shift 26
	STRING  shift 25
	IDENTIFIER  shift 30
	LEFT  shift 74
	RIGHT  shift 75
	MIDDLE  shift 76
	LPAREN  shift 24
	LBRACKET  shift 32
	LBRACE  shift 33
	AT  shift 31
	.  reduce 13 (src line 115)

	litteral  goto 22
	litteralArray  goto 28
	atomExpression  goto 77
	variable  goto 23
	litteralObject  goto 29
	clickOptions0  goto 71
	clickOptions  goto 72
	clickOption  goto 73

state 37
	statement:  INPUT atomExpression.IN atomExpression SEMICOLON 

	IN  shift 78
	.  error


state 38
	statement:  PRINT expressionList.SEMICOLON 
	expressionList:  expressionList.COMMA expression 

	SEMICOLON  shift 79
	COMMA  shift 80
	.  error


state 39
	statement:  PRINT RAW.expressionList SEMICOLON 

	BOOL  shift 27
	NUMBER  shift 26
	STRING  shift 25
	IDENTIFIER  shift 30
	LPAREN  shift 24
	LBRACKET  shift 32
	LBRACE  shift 33
	LEN  shift 50
	PLUS  shift 45
	MINUS  shift 46
	PLUSPLUS  shift 47
	MINUSMINUS  shift 48
	ABS  shift 49
	NOT  shift 51
	AT  shift 31
	.  error

	litteral  goto 22
	litteralArray  goto 28
	atomExpression  goto 52
	expression  goto 40
	expression1  goto 41
	expression2  goto 42
	expression3  goto 44
	variable  goto 23
	expressionList  goto 81
	litteralObject  goto 29
	ope1  goto 43
	accessExpression  goto 53

state 40
	expression:  expression.ope2Bool expression1 
	expressionList:  expression.    (61)

	AND  shift 83
	OR  shift 84
	XOR  shift 86
	NAND  shift 85
	.  reduce 61 (src line 229)

	ope2Bool  goto 82

state 41
	expression:  expression1.    (42)
	expression1:  expression1.ope2 expression2 

	PLUS  shift 88
	MINUS  shift 89
	MULTI  shift 90
	DIV  shift 91
	MOD  shift 92
	EQ  shift 93
	NEQ  shift 94
	LT  shift 97
	LTE  shift 98
	GT  shift 95
	GTE  shift 96
	.  reduce 42 (src line 187)

	ope2  goto 87

state 42
	expression1:  expression2.    (44)

	.  reduce 44 (src line 192)


state 43
	expression2:  ope1.expression2 

	BOOL  shift 27
	NUMBER  shift 26
	STRING  shift 25
	IDENTIFIER  shift 30
	LPAREN  shift 24
	LBRACKET  shift 32
	LBRACE  shift 33
	LEN  shift 50
	PLUS  shift 45
	MINUS  shift 46
	PLUSPLUS  shift 47
	MINUSMINUS  shift 48
	ABS  shift 49
	NOT  shift 51
	AT  shift 31
	.  error

	litteral  goto 22
	litteralArray  goto 28
	atomExpression  goto 52
	expression2  goto 99
	expression3  goto 44
	variable  goto 23
	litteralObject  goto 29
	ope1  goto 43
	accessExpression  goto 53

state 44
	expression2:  expression3.    (46)

	.  reduce 46 (src line 197)


state 45
	ope1:  PLUS.    (68)

	.  reduce 68 (src line 248)


state 46
	ope1:  MINUS.    (69)

	.  reduce 69 (src line 250)


state 47
	ope1:  PLUSPLUS.    (70)

	.  reduce 70 (src line 251)


state 48
	ope1:  MINUSMINUS.    (71)

	.  reduce 71 (src line 252)


state 49
	ope1:  ABS.    (72)

	.  reduce 72 (src line 253)


state 50
	ope1:  LEN.    (73)

	.  reduce 73 (src line 254)


state 51
	ope1:  NOT.    (74)

	.  reduce 74 (src line 255)


state 52
	expression3:  atomExpression.    (47)
	accessExpression:  atomExpression.LBRACKET expression RBRACKET 
	accessExpression:  atomExpression.DOT key 

	LBRACKET  shift 100
	DOT  shift 101
	.  reduce 47 (src line 200)


state 53
	expression3:  accessExpression.    (48)

	.  reduce 48 (src line 202)


state 54
	statement:  SLOW SEMICOLON.    (12)

	.  reduce 12 (src line 112)


state 55
	loopStatement:  FOR loopVariable.IN expression SEMICOLON 
	loopStatement:  FOR loopVariable.ASSIGN expression TO expression SEMICOLON 
	loopStatement:  FOR loopVariable.ASSIGN expression TO expression STEP expression SEMICOLON 

	ASSIGN  shift 103
	IN  shift 102
	.  error


state 56
	loopVariable:  IDENTIFIER.    (32)

	.  reduce 32 (src line 154)


state 57
	loopStatement:  SELECT expression.AS loopVariable FROM expression selectOptions0 SEMICOLON 
	expression:  expression.ope2Bool expression1 

	AS  shift 104
	AND  shift 83
	OR  shift 84
	XOR  shift 86
	NAND  shift 85
	.  error

	ope2Bool  goto 82

state 58
	returnStatements:  RETURN returnList0 SEMICOLON.    (21)

	.  reduce 21 (src line 132)


state 59
	returnStatements:  RETURN DISTINCT returnList.SEMICOLON 
	returnList:  returnList.COMMA atomExpression 

	SEMICOLON  shift 105
	COMMA  shift 60
	.  error


state 60
	returnList:  returnList COMMA.atomExpression 

	BOOL  shift 27
	NUMBER  shift 26
	STRING  shift 25
	IDENTIFIER  shift 30
	LPAREN  shift 24
	LBRACKET  shift 32
	LBRACE  shift 33
	AT  shift 31
	.  error

	litteral  goto 22
	litteralArray  goto 28
	atomExpression  goto 106
	variable  goto 23
	litteralObject  goto 29

state 61
	expression:  expression.ope2Bool expression1 
	atomExpression:  LPAREN expression.RPAREN 

	RPAREN  shift 107
	AND  shift 83
	OR  shift 84
	XOR  shift 86
	NAND  shift 85
	.  error

	ope2Bool  goto 82

state 62
	variable:  AT IDENTIFIER.    (40)

	.  reduce 40 (src line 175)


state 63
	litteralArray:  LBRACKET expressionList.RBRACKET 
	expressionList:  expressionList.COMMA expression 

	COMMA  shift 80
	RBRACKET  shift 108
	.  error


state 64
	litteralArray:  LBRACKET RBRACKET.    (60)

	.  reduce 60 (src line 226)


state 65
	litteralObject:  LBRACE RBRACE.    (63)

	.  reduce 63 (src line 234)


state 66
	litteralObject:  LBRACE keyValueSet.RBRACE 
	keyValueSet:  keyValueSet.COMMA keyValue 

	COMMA  shift 110
	RBRACE  shift 109
	.  error


state 67
	keyValueSet:  keyValue.    (65)

	.  reduce 65 (src line 239)


state 68
	keyValue:  key.COLON expression 

	COLON  shift 111
	.  error


state 69
	key:  IDENTIFIER.    (90)

	.  reduce 90 (src line 280)


state 70
	statement:  IDENTIFIER ASSIGN expression.SEMICOLON 
	expression:  expression.ope2Bool expression1 

	SEMICOLON  shift 112
	AND  shift 83
	OR  shift 84
	XOR  shift 86
	NAND  shift 85
	.  error

	ope2Bool  goto 82

state 71
	statement:  CLICK atomExpression clickOptions0.SEMICOLON 

	SEMICOLON  shift 113
	.  error


state 72
	clickOptions0:  clickOptions.    (14)
	clickOptions:  clickOptions.clickOption 

	BOOL  shift 27
	NUMBER  shift 26
	STRING  shift 25
	IDENTIFIER  shift 30
	LEFT  shift 74
	RIGHT  shift 75
	MIDDLE  shift 76
	LPAREN  shift 24
	LBRACKET  shift 32
	LBRACE  shift 33
	AT  shift 31
	.  reduce 14 (src line 117)

	litteral  goto 22
	litteralArray  goto 28
	atomExpression  goto 77
	variable  goto 23
	litteralObject  goto 29
	clickOption  goto 114

state 73
	clickOptions:  clickOption.    (15)

	.  reduce 15 (src line 120)


state 74
	clickOption:  LEFT.    (17)

	.  reduce 17 (src line 125)


state 75
	clickOption:  RIGHT.    (18)

	.  reduce 18 (src line 127)


state 76
	clickOption:  MIDDLE.    (19)

	.  reduce 19 (src line 128)


state 77
	clickOption:  atomExpression.    (20)

	.  reduce 20 (src line 129)


state 78
	statement:  INPUT atomExpression IN.atomExpression SEMICOLON 

	BOOL  shift 27
	NUMBER  shift 26
	STRING  shift 25
	IDENTIFIER  shift 30
	LPAREN  shift 24
	LBRACKET  shift 32
	LBRACE  shift 33
	AT  shift 31
	.  error

	litteral  goto 22
	litteralArray  goto 28
	atomExpression  goto 115
	variable  goto 23
	litteralObject  goto 29

state 79
	statement:  PRINT expressionList SEMICOLON.    (10)

	.  reduce 10 (src line 110)


state 80
	expressionList:  expressionList COMMA.expression 

	BOOL  shift 27
	NUMBER  shift 26
	STRING  shift 25
	IDENTIFIER  shift 30
	LPAREN  shift 24
	LBRACKET  shift 32
	LBRACE  shift 33
	LEN  shift 50
	PLUS  shift 45
	MINUS  shift 46
	PLUSPLUS  shift 47
	MINUSMINUS  shift 48
	ABS  shift 49
	NOT  shift 51
	AT  shift 31
	.  error

	litteral  goto 22
	litteralArray  goto 28
	atomExpression  goto 52
	expression  goto 116
	expression1  goto 41
	expression2  goto 42
	expression3  goto 44
	variable  goto 23
	litteralObject  goto 29
	ope1  goto 43
	accessExpression  goto 53

state 81
	statement:  PRINT RAW expressionList.SEMICOLON 
	expressionList:  expressionList.COMMA expression 

	SEMICOLON  shift 117
	COMMA  shift 80
	.  error


state 82
	expression:  expression ope2Bool.expression1 

	BOOL  shift 27
	NUMBER  shift 26
	STRING  shift 25
	IDENTIFIER  shift 30
	LPAREN  shift 24
	LBRACKET  shift 32
	LBRACE  shift 33
	LEN  shift 50
	PLUS  shift 45
	MINUS  shift 46
	PLUSPLUS  shift 47
	MINUSMINUS  shift 48
	ABS  shift 49
	NOT  shift 51
	AT  shift 31
	.  error

	litteral  goto 22
	litteralArray  goto 28
	atomExpression  goto 52
	expression1  goto 118
	expression2  goto 42
	expression3  goto 44
	variable  goto 23
	litteralObject  goto 29
	ope1  goto 43
	accessExpression  goto 53

state 83
	ope2Bool:  AND.    (86)

	.  reduce 86 (src line 273)


state 84
	ope2Bool:  OR.    (87)

	.  reduce 87 (src line 275)


state 85
	ope2Bool:  NAND.    (88)

	.  reduce 88 (src line 276)


state 86
	ope2Bool:  XOR.    (89)

	.  reduce 89 (src line 277)


state 87
	expression1:  expression1 ope2.expression2 

	BOOL  shift 27
	NUMBER  shift 26
	STRING  shift 25
	IDENTIFIER  shift 30
	LPAREN  shift 24
	LBRACKET  shift 32
	LBRACE  shift 33
	LEN  shift 50
	PLUS  shift 45
	MINUS  shift 46
	PLUSPLUS  shift 47
	MINUSMINUS  shift 48
	ABS  shift 49
	NOT  shift 51
	AT  shift 31
	.  error

	litteral  goto 22
	litteralArray  goto 28
	atomExpression  goto 52
	expression2  goto 119
	expression3  goto 44
	variable  goto 23
	litteralObject  goto 29
	ope1  goto 43
	accessExpression  goto 53

state 88
	ope2:  PLUS.    (75)

	.  reduce 75 (src line 259)


state 89
	ope2:  MINUS.    (76)

	.  reduce 76 (src line 261)


state 90
	ope2:  MULTI.    (77)

	.  reduce 77 (src line 262)


state 91
	ope2:  DIV.    (78)

	.  reduce 78 (src line 263)


state 92
	ope2:  MOD.    (79)

	.  reduce 79 (src line 264)


state 93
	ope2:  EQ.    (80)

	.  reduce 80 (src line 265)


state 94
	ope2:  NEQ.    (81)

	.  reduce 81 (src line 266)


state 95
	ope2:  GT.    (82)

	.  reduce 82 (src line 267)


state 96
	ope2:  GTE.    (83)

	.  reduce 83 (src line 268)


state 97
	ope2:  LT.    (84)

	.  reduce 84 (src line 269)


state 98
	ope2:  LTE.    (85)

	.  reduce 85 (src line 270)


state 99
	expression2:  ope1 expression2.    (45)

	.  reduce 45 (src line 195)


state 100
	accessExpression:  atomExpression LBRACKET.expression RBRACKET 

	BOOL  shift 27
	NUMBER  shift 26
	STRING  shift 25
	IDENTIFIER  shift 30
	LPAREN  shift 24
	LBRACKET  shift 32
	LBRACE  shift 33
	LEN  shift 50
	PLUS  shift 45
	MINUS  shift 46
	PLUSPLUS  shift 47
	MINUSMINUS  shift 48
	ABS  shift 49
	NOT  shift 51
	AT  shift 31
	.  error

	litteral  goto 22
	litteralArray  goto 28
	atomExpression  goto 52
	expression  goto 120
	expression1  goto 41
	expression2  goto 42
	expression3  goto 44
	variable  goto 23
	litteralObject  goto 29
	ope1  goto 43
	accessExpression  goto 53

state 101
	accessExpression:  atomExpression DOT.key 

	IDENTIFIER  shift 69
	.  error

	key  goto 121

state 102
	loopStatement:  FOR loopVariable IN.expression SEMICOLON 

	BOOL  shift 27
	NUMBER  shift 26
	STRING  shift 25
	IDENTIFIER  shift 30
	LPAREN  shift 24
	LBRACKET  shift 32
	LBRACE  shift 33
	LEN  shift 50
	PLUS  shift 45
	MINUS  shift 46
	PLUSPLUS  shift 47
	MINUSMINUS  shift 48
	ABS  shift 49
	NOT  shift 51
	AT  shift 31
	.  error

	litteral  goto 22
	litteralArray  goto 28
	atomExpression  goto 52
	expression  goto 122
	expression1  goto 41
	expression2  goto 42
	expression3  goto 44
	variable  goto 23
	litteralObject  goto 29
	ope1  goto 43
	accessExpression  goto 53

state 103
	loopStatement:  FOR loopVariable ASSIGN.expression TO expression SEMICOLON 
	loopStatement:  FOR loopVariable ASSIGN.expression TO expression STEP expression SEMICOLON 

	BOOL  shift 27
	NUMBER  shift 26
	STRING  shift 25
	IDENTIFIER  shift 30
	LPAREN  shift 24
	LBRACKET  shift 32
	LBRACE  shift 33
	LEN  shift 50
	PLUS  shift 45
	MINUS  shift 46
	PLUSPLUS  shift 47
	MINUSMINUS  shift 48
	ABS  shift 49
	NOT  shift 51
	AT  shift 31
	.  error

	litteral  goto 22
	litteralArray  goto 28
	atomExpression  goto 52
	expression  goto 123
	expression1  goto 41
	expression2  goto 42
	expression3  goto 44
	variable  goto 23
	litteralObject  goto 29
	ope1  goto 43
	accessExpression  goto 53

state 104
	loopStatement:  SELECT expression AS.loopVariable FROM expression selectOptions0 SEMICOLON 

	IDENTIFIER  shift 56
	.  error

	loopVariable  goto 124

state 105
	returnStatements:  RETURN DISTINCT returnList SEMICOLON.    (22)

	.  reduce 22 (src line 134)


state 106
	returnList:  returnList COMMA atomExpression.    (27)

	.  reduce 27 (src line 145)


state 107
	atomExpression:  LPAREN expression RPAREN.    (51)

	.  reduce 51 (src line 208)


state 108
	litteralArray:  LBRACKET expressionList RBRACKET.    (59)

	.  reduce 59 (src line 224)


state 109
	litteralObject:  LBRACE keyValueSet RBRACE.    (64)

	.  reduce 64 (src line 236)


state 110
	keyValueSet:  keyValueSet COMMA.keyValue 

	IDENTIFIER  shift 69
	.  error

	keyValue  goto 125
	key  goto 68

state 111
	keyValue:  key COLON.expression 

	BOOL  shift 27
	NUMBER  shift 26
	STRING  shift 25
	IDENTIFIER  shift 30
	LPAREN  shift 24
	LBRACKET  shift 32
	LBRACE  shift 33
	LEN  shift 50
	PLUS  shift 45
	MINUS  shift 46
	PLUSPLUS  shift 47
	MINUSMINUS  shift 48
	ABS  shift 49
	NOT  shift 51
	AT  shift 31
	.  error

	litteral  goto 22
	litteralArray  goto 28
	atomExpression  goto 52
	expression  goto 126
	expression1  goto 41
	expression2  goto 42
	expression3  goto 44
	variable  goto 23
	litteralObject  goto 29
	ope1  goto 43
	accessExpression  goto 53

state 112
	statement:  IDENTIFIER ASSIGN expression SEMICOLON.    (7)

	.  reduce 7 (src line 104)


state 113
	statement:  CLICK atomExpression clickOptions0 SEMICOLON.    (8)

	.  reduce 8 (src line 106)


state 114
	clickOptions:  clickOptions clickOption.    (16)

	.  reduce 16 (src line 122)


state 115
	statement:  INPUT atomExpression IN atomExpression.SEMICOLON 

	SEMICOLON  shift 127
	.  error


state 116
	expression:  expression.ope2Bool expression1 
	expressionList:  expressionList COMMA expression.    (62)

	AND  shift 83
	OR  shift 84
	XOR  shift 86
	NAND  shift 85
	.  reduce 62 (src line 231)

	ope2Bool  goto 82

state 117
	statement:  PRINT RAW expressionList SEMICOLON.    (11)

	.  reduce 11 (src line 111)


state 118
	expression:  expression ope2Bool expression1.    (41)
	expression1:  expression1.ope2 expression2 

	PLUS  shift 88
	MINUS  shift 89
	MULTI  shift 90
	DIV  shift 91
	MOD  shift 92
	EQ  shift 93
	NEQ  shift 94
	LT  shift 97
	LTE  shift 98
	GT  shift 95
	GTE  shift 96
	.  reduce 41 (src line 185)

	ope2  goto 87

state 119
	expression1:  expression1 ope2 expression2.    (43)

	.  reduce 43 (src line 190)


state 120
	expression:  expression.ope2Bool expression1 
	accessExpression:  atomExpression LBRACKET expression.RBRACKET 

	RBRACKET  shift 128
	AND  shift 83
	OR  shift 84
	XOR  shift 86
	NAND  shift 85
	.  error

	ope2Bool  goto 82

state 121
	accessExpression:  atomExpression DOT key.    (58)

	.  reduce 58 (src line 221)


state 122
	loopStatement:  FOR loopVariable IN expression.SEMICOLON 
	expression:  expression.ope2Bool expression1 

	SEMICOLON  shift 129
	AND  shift 83
	OR  shift 84
	XOR  shift 86
	NAND  shift 85
	.  error

	ope2Bool  goto 82

state 123
	loopStatement:  FOR loopVariable ASSIGN expression.TO expression SEMICOLON 
	loopStatement:  FOR loopVariable ASSIGN expression.TO expression STEP expression SEMICOLON 
	expression:  expression.ope2Bool expression1 

	TO  shift 130
	AND  shift 83
	OR  shift 84
	XOR  shift 86
	NAND  shift 85
	.  error

	ope2Bool  goto 82

state 124
	loopStatement:  SELECT expression AS loopVariable.FROM expression selectOptions0 SEMICOLON 

	FROM  shift 131
	.  error


state 125
	keyValueSet:  keyValueSet COMMA keyValue.    (66)

	.  reduce 66 (src line 241)


state 126
	expression:  expression.ope2Bool expression1 
	keyValue:  key COLON expression.    (67)

	AND  shift 83
	OR  shift 84
	XOR  shift 86
	NAND  shift 85
	.  reduce 67 (src line 244)

	ope2Bool  goto 82

state 127
	statement:  INPUT atomExpression IN atomExpression SEMICOLON.    (9)

	.  reduce 9 (src line 107)


state 128
	accessExpression:  atomExpression LBRACKET expression RBRACKET.    (57)

	.  reduce 57 (src line 219)


state 129
	loopStatement:  FOR loopVariable IN expression SEMICOLON.    (28)

	.  reduce 28 (src line 147)


state 130
	loopStatement:  FOR loopVariable ASSIGN expression TO.expression SEMICOLON 
	loopStatement:  FOR loopVariable ASSIGN expression TO.expression STEP expression SEMICOLON 

	BOOL  shift 27
	NUMBER  shift 26
	STRING  shift 25
	IDENTIFIER  shift 30
	LPAREN  shift 24
	LBRACKET  shift 32
	LBRACE  shift 33
	LEN  shift 50
	PLUS  shift 45
	MINUS  shift 46
	PLUSPLUS  shift 47
	MINUSMINUS  shift 48
	ABS  shift 49
	NOT  shift 51
	AT  shift 31
	.  error

	litteral  goto 22
	litteralArray  goto 28
	atomExpression  goto 52
	expression  goto 132
	expression1  goto 41
	expression2  goto 42
	expression3  goto 44
	variable  goto 23
	litteralObject  goto 29
	ope1  goto 43
	accessExpression  goto 53

state 131
	loopStatement:  SELECT expression AS loopVariable FROM.expression selectOptions0 SEMICOLON 

	BOOL  shift 27
	NUMBER  shift 26
	STRING  shift 25
	IDENTIFIER  shift 30
	LPAREN  shift 24
	LBRACKET  shift 32
	LBRACE  shift 33
	LEN  shift 50
	PLUS  shift 45
	MINUS  shift 46
	PLUSPLUS  shift 47
	MINUSMINUS  shift 48
	ABS  shift 49
	NOT  shift 51
	AT  shift 31
	.  error

	litteral  goto 22
	litteralArray  goto 28
	atomExpression  goto 52
	expression  goto 133
	expression1  goto 41
	expression2  goto 42
	expression3  goto 44
	variable  goto 23
	litteralObject  goto 29
	ope1  goto 43
	accessExpression  goto 53

state 132
	loopStatement:  FOR loopVariable ASSIGN expression TO expression.SEMICOLON 
	loopStatement:  FOR loopVariable ASSIGN expression TO expression.STEP expression SEMICOLON 
	expression:  expression.ope2Bool expression1 

	SEMICOLON  shift 134
	STEP  shift 135
	AND  shift 83
	OR  shift 84
	XOR  shift 86
	NAND  shift 85
	.  error

	ope2Bool  goto 82

state 133
	loopStatement:  SELECT expression AS loopVariable FROM expression.selectOptions0 SEMICOLON 
	expression:  expression.ope2Bool expression1 
	selectOptions0: .    (33)

	WHERE  shift 139
	LIMIT  shift 140
	AND  shift 83
	OR  shift 84
	XOR  shift 86
	NAND  shift 85
	.  reduce 33 (src line 158)

	ope2Bool  goto 82
	selectOptions0  goto 136
	selectOptions  goto 137
	selectOption  goto 138

state 134
	loopStatement:  FOR loopVariable ASSIGN expression TO expression SEMICOLON.    (29)

	.  reduce 29 (src line 149)


state 135
	loopStatement:  FOR loopVariable ASSIGN expression TO expression STEP.expression SEMICOLON 

	BOOL  shift 27
	NUMBER  shift 26
	STRING  shift 25
	IDENTIFIER  shift 30
	LPAREN  shift 24
	LBRACKET  shift 32
	LBRACE  shift 33
	LEN  shift 50
	PLUS  shift 45
	MINUS  shift 46
	PLUSPLUS  shift 47
	MINUSMINUS  shift 48
	ABS  shift 49
	NOT  shift 51
	AT  shift 31
	.  error

	litteral  goto 22
	litteralArray  goto 28
	atomExpression  goto 52
	expression  goto 141
	expression1  goto 41
	expression2  goto 42
	expression3  goto 44
	variable  goto 23
	litteralObject  goto 29
	ope1  goto 43
	accessExpression  goto 53

state 136
	loopStatement:  SELECT expression AS loopVariable FROM expression selectOptions0.SEMICOLON 

	SEMICOLON  shift 142
	.  error


state 137
	selectOptions0:  selectOptions.    (34)
	selectOptions:  selectOptions.selectOption 

	WHERE  shift 139
	LIMIT  shift 140
	.  reduce 34 (src line 160)

	selectOption  goto 143

state 138
	selectOptions:  selectOption.    (35)

	.  reduce 35 (src line 163)


state 139
	selectOption:  WHERE.expression 

	BOOL  shift 27
	NUMBER  shift 26
	STRING  shift 25
	IDENTIFIER  shift 30
	LPAREN  shift 24
	LBRACKET  shift 32
	LBRACE  shift 33
	LEN  shift 50
	PLUS  shift 45
	MINUS  shift 46
	PLUSPLUS  shift 47
	MINUSMINUS  shift 48
	ABS  shift 49
	NOT  shift 51
	AT  shift 31
	.  error

	litteral  goto 22
	litteralArray  goto 28
	atomExpression  goto 52
	expression  goto 144
	expression1  goto 41
	expression2  goto 42
	expression3  goto 44
	variable  goto 23
	litteralObject  goto 29
	ope1  goto 43
	accessExpression  goto 53

state 140
	selectOption:  LIMIT.expression 

	BOOL  shift 27
	NUMBER  shift 26
	STRING  shift 25
	IDENTIFIER  shift 30
	LPAREN  shift 24
	LBRACKET  shift 32
	LBRACE  shift 33
	LEN  shift 50
	PLUS  shift 45
	MINUS  shift 46
	PLUSPLUS  shift 47
	MINUSMINUS  shift 48
	ABS  shift 49
	NOT  shift 51
	AT  shift 31
	.  error

	litteral  goto 22
	litteralArray  goto 28
	atomExpression  goto 52
	expression  goto 145
	expression1  goto 41
	expression2  goto 42
	expression3  goto 44
	variable  goto 23
	litteralObject  goto 29
	ope1  goto 43
	accessExpression  goto 53

state 141
	loopStatement:  FOR loopVariable ASSIGN expression TO expression STEP expression.SEMICOLON 
	expression:  expression.ope2Bool expression1 

	SEMICOLON  shift 146
	AND  shift 83
	OR  shift 84
	XOR  shift 86
	NAND  shift 85
	.  error

	ope2Bool  goto 82

state 142
	loopStatement:  SELECT expression AS loopVariable FROM expression selectOptions0 SEMICOLON.    (31)

	.  reduce 31 (src line 151)


state 143
	selectOptions:  selectOptions selectOption.    (36)

	.  reduce 36 (src line 165)


state 144
	selectOption:  WHERE expression.    (37)
	expression:  expression.ope2Bool expression1 

	AND  shift 83
	OR  shift 84
	XOR  shift 86
	NAND  shift 85
	.  reduce 37 (src line 168)

	ope2Bool  goto 82

state 145
	selectOption:  LIMIT expression.    (38)
	expression:  expression.ope2Bool expression1 

	AND  shift 83
	OR  shift 84
	XOR  shift 86
	NAND  shift 85
	.  reduce 38 (src line 170)

	ope2Bool  goto 82

state 146
	loopStatement:  FOR loopVariable ASSIGN expression TO expression STEP expression SEMICOLON.    (30)

	.  reduce 30 (src line 150)


70 terminals, 34 nonterminals
91 grammar rules, 147/16000 states
0 shift/reduce, 0 reduce/reduce conflicts reported
83 working sets used
memory: parser 482/240000
40 extra closures
504 shift entries, 1 exceptions
68 goto entries
229 entries saved by goto default
Optimizer space used: output 270/240000
270 table entries, 26 zero
maximum spread: 67, maximum offset: 140
